<?xml version="1.0" encoding="UTF-8"?>
<!-- Generated by org.testng.reporters.JUnitXMLReporter -->
<testsuite ignored="0" hostname="Fahims-MacBook-Pro.local" failures="0" tests="2" name="Command line test" time="7.042" errors="0" timestamp="19 Feb 2020 21:19:27 GMT">
  <testcase classname="testtweets.TweetAPITest" name="testUserCanTweetSuccessfully" time="5.319"/>
  <testcase classname="testtweets.TweetAPITest" name="testUserCannotTweetTheSameTweetTwiceInARow" time="1.689"/>
</testsuite> <!-- Command line test -->
