<?xml version="1.0" encoding="UTF-8"?>
<testng-results ignored="0" total="2" passed="2" failed="0" skipped="0">
  <reporter-output>
  </reporter-output>
  <suite started-at="2020-02-19T21:19:20Z" name="testtweets.TweetAPITest" finished-at="2020-02-19T21:19:27Z" duration-ms="7042">
    <groups>
    </groups>
    <test started-at="2020-02-19T21:19:20Z" name="Command line test" finished-at="2020-02-19T21:19:27Z" duration-ms="7042">
      <class name="testtweets.TweetAPITest">
        <test-method is-config="true" signature="setUpTweetAPI()[pri:0, instance:testtweets.TweetAPITest@711f39f9]" started-at="2020-02-19T21:19:20Z" name="setUpTweetAPI" finished-at="2020-02-19T21:19:20Z" duration-ms="12" status="PASS">
          <reporter-output>
          </reporter-output>
        </test-method> <!-- setUpTweetAPI -->
        <test-method signature="testUserCanTweetSuccessfully()[pri:0, instance:testtweets.TweetAPITest@711f39f9]" started-at="2020-02-19T21:19:20Z" name="testUserCanTweetSuccessfully" finished-at="2020-02-19T21:19:26Z" duration-ms="5319" status="PASS">
          <reporter-output>
          </reporter-output>
        </test-method> <!-- testUserCanTweetSuccessfully -->
        <test-method signature="testUserCannotTweetTheSameTweetTwiceInARow()[pri:0, instance:testtweets.TweetAPITest@711f39f9]" started-at="2020-02-19T21:19:26Z" name="testUserCannotTweetTheSameTweetTwiceInARow" finished-at="2020-02-19T21:19:27Z" duration-ms="1689" status="PASS">
          <reporter-output>
          </reporter-output>
        </test-method> <!-- testUserCannotTweetTheSameTweetTwiceInARow -->
      </class> <!-- testtweets.TweetAPITest -->
    </test> <!-- Command line test -->
  </suite> <!-- testtweets.TweetAPITest -->
</testng-results>
